<?xml version="1.0" encoding="UTF-8"?>
<!-- Generated by org.testng.reporters.JUnitReportReporter -->
<testsuite hostname="DESKTOP-J007N23" failures="0" tests="1" name="testCases.TC001_AccountRegistrationTest" time="3.618" errors="0" timestamp="2024-09-06T20:09:43 IST" skipped="0">
  <testcase classname="testCases.TC001_AccountRegistrationTest" name="verify_account_registration" time="3.618"/>
</testsuite> <!-- testCases.TC001_AccountRegistrationTest -->
